<?xml version="1.0" encoding="UTF-8"?>
<testng-results skipped="0" failed="0" total="1" passed="1">
  <reporter-output>
  </reporter-output>
  <suite name="Command line suite" duration-ms="52109" started-at="2016-02-11T17:47:28Z" finished-at="2016-02-11T17:48:20Z">
    <groups>
    </groups>
    <test name="Command line test" duration-ms="52109" started-at="2016-02-11T17:47:28Z" finished-at="2016-02-11T17:48:20Z">
      <class name="NewTest">
        <test-method status="PASS" signature="initDriver()[pri:0, instance:NewTest@11505881]" name="initDriver" is-config="true" duration-ms="8473" started-at="2016-02-11T14:47:28Z" finished-at="2016-02-11T14:47:37Z">
          <reporter-output>
          </reporter-output>
        </test-method> <!-- initDriver -->
        <test-method status="PASS" signature="saveArticle()[pri:0, instance:NewTest@11505881]" name="saveArticle" duration-ms="43090" started-at="2016-02-11T14:47:37Z" finished-at="2016-02-11T14:48:20Z">
          <reporter-output>
          </reporter-output>
        </test-method> <!-- saveArticle -->
        <test-method status="PASS" signature="closeDriver()[pri:0, instance:NewTest@11505881]" name="closeDriver" is-config="true" duration-ms="536" started-at="2016-02-11T14:48:20Z" finished-at="2016-02-11T14:48:20Z">
          <reporter-output>
          </reporter-output>
        </test-method> <!-- closeDriver -->
      </class> <!-- NewTest -->
    </test> <!-- Command line test -->
  </suite> <!-- Command line suite -->
</testng-results>
